CTD_core:	71	30
DTC_core:	33	1
CTD_core:	71	29
DTC_core:	33	1
CTD_core:	71	27
DTC_core:	33	1
DTC_core:	862	12
CTD_core:	71	47
DTC_core:	33	1
CTD_core:	71	29
DTC_core:	33	1
CTD_core:	72	40
CTD_core:	71	14
DTC_core:	55	1
DTC_core:	892	23
CTD_core:	71	64
DTC_core:	33	1
DTC_core:	402	7
CTD_core:	71	25
DTC_core:	33	1
DTC_core:	881	11
DTC_core:	1302	21
CTD_core:	72	35
CTD_core:	71	48
DTC_core:	33	0
DTC_core:	58	0
DTC:	97	82
CTD_core:	97	12
CTD:	97	13
DTC_core:	66	0
DTC:	105	84
DTC_core:	66	2
CTD_core:	144	16
DTC_core:	72	2
DTC:	111	123
CTD_core:	111	15
CTD:	111	24
CTD_core:	71	91
DTC_core:	33	1
DTC_core:	159	1
